<?xml version="1.0" encoding="UTF-8"?>
<!-- Generated by org.testng.reporters.JUnitXMLReporter -->
<testsuite ignored="0" hostname="CIPL-DTSS-012" failures="0" tests="6" name="Default test" time="46.316" errors="0" timestamp="2025-04-17T01:33:41 IST">
  <testcase classname="HRM.qa.Tests.LoginPageTest" name="ValidateTitleTest" time="0.019"/>
  <testcase classname="HRM.qa.Tests.LoginPageTest" name="ValidateLogoTest" time="1.012"/>
  <testcase classname="HRM.qa.Tests.LoginPageTest" name="LoginAction" time="0.538"/>
  <testcase classname="HRM.qa.Tests.PIMPageTest" name="PIMAction" time="0.494"/>
  <testcase classname="HRM.qa.Tests.PIMPageTest" name="PIMAction" time="0.512"/>
  <testcase classname="HRM.qa.Tests.PIMPageTest" name="PIMAction" time="0.567"/>
</testsuite> <!-- Default test -->
