<?xml version="1.0" encoding="UTF-8"?>
<testng-results ignored="0" total="6" passed="6" failed="0" skipped="0">
  <reporter-output>
  </reporter-output>
  <suite started-at="2025-04-17T01:32:54 IST" name="Default suite" finished-at="2025-04-17T01:33:40 IST" duration-ms="46316">
    <groups>
    </groups>
    <test started-at="2025-04-17T01:32:54 IST" name="Default test" finished-at="2025-04-17T01:33:40 IST" duration-ms="46316">
      <class name="HRM.qa.Tests.LoginPageTest">
        <test-method is-config="true" signature="setup()[pri:0, instance:HRM.qa.Tests.LoginPageTest@3bb9a3ff]" started-at="2025-04-17T01:32:55 IST" name="setup" finished-at="2025-04-17T01:33:00 IST" duration-ms="5119" status="PASS">
          <reporter-output>
          </reporter-output>
        </test-method> <!-- setup -->
        <test-method signature="ValidateTitleTest()[pri:1, instance:HRM.qa.Tests.LoginPageTest@3bb9a3ff]" started-at="2025-04-17T01:33:00 IST" name="ValidateTitleTest" finished-at="2025-04-17T01:33:00 IST" duration-ms="19" status="PASS">
          <reporter-output>
          </reporter-output>
        </test-method> <!-- ValidateTitleTest -->
        <test-method is-config="true" signature="tearDown()[pri:0, instance:HRM.qa.Tests.LoginPageTest@3bb9a3ff]" started-at="2025-04-17T01:33:00 IST" name="tearDown" finished-at="2025-04-17T01:33:00 IST" duration-ms="238" status="PASS">
          <reporter-output>
          </reporter-output>
        </test-method> <!-- tearDown -->
        <test-method is-config="true" signature="setup()[pri:0, instance:HRM.qa.Tests.LoginPageTest@3bb9a3ff]" started-at="2025-04-17T01:33:00 IST" name="setup" finished-at="2025-04-17T01:33:05 IST" duration-ms="4554" status="PASS">
          <reporter-output>
          </reporter-output>
        </test-method> <!-- setup -->
        <test-method signature="ValidateLogoTest()[pri:2, instance:HRM.qa.Tests.LoginPageTest@3bb9a3ff]" started-at="2025-04-17T01:33:05 IST" name="ValidateLogoTest" finished-at="2025-04-17T01:33:06 IST" duration-ms="1012" status="PASS">
          <reporter-output>
          </reporter-output>
        </test-method> <!-- ValidateLogoTest -->
        <test-method is-config="true" signature="tearDown()[pri:0, instance:HRM.qa.Tests.LoginPageTest@3bb9a3ff]" started-at="2025-04-17T01:33:06 IST" name="tearDown" finished-at="2025-04-17T01:33:06 IST" duration-ms="232" status="PASS">
          <reporter-output>
          </reporter-output>
        </test-method> <!-- tearDown -->
        <test-method is-config="true" signature="setup()[pri:0, instance:HRM.qa.Tests.LoginPageTest@3bb9a3ff]" started-at="2025-04-17T01:33:06 IST" name="setup" finished-at="2025-04-17T01:33:10 IST" duration-ms="3878" status="PASS">
          <reporter-output>
          </reporter-output>
        </test-method> <!-- setup -->
        <test-method signature="LoginAction()[pri:3, instance:HRM.qa.Tests.LoginPageTest@3bb9a3ff]" started-at="2025-04-17T01:33:10 IST" name="LoginAction" finished-at="2025-04-17T01:33:10 IST" duration-ms="538" status="PASS">
          <reporter-output>
          </reporter-output>
        </test-method> <!-- LoginAction -->
        <test-method is-config="true" signature="tearDown()[pri:0, instance:HRM.qa.Tests.LoginPageTest@3bb9a3ff]" started-at="2025-04-17T01:33:10 IST" name="tearDown" finished-at="2025-04-17T01:33:11 IST" duration-ms="225" status="PASS">
          <reporter-output>
          </reporter-output>
        </test-method> <!-- tearDown -->
      </class> <!-- HRM.qa.Tests.LoginPageTest -->
      <class name="HRM.qa.Tests.PIMPageTest">
        <test-method is-config="true" signature="setup()[pri:0, instance:HRM.qa.Tests.PIMPageTest@223d2c72]" started-at="2025-04-17T01:33:11 IST" name="setup" finished-at="2025-04-17T01:33:20 IST" duration-ms="9188" status="PASS">
          <reporter-output>
          </reporter-output>
        </test-method> <!-- setup -->
        <test-method signature="PIMAction(java.lang.String,java.lang.String,java.lang.String)[pri:1, instance:HRM.qa.Tests.PIMPageTest@223d2c72]" started-at="2025-04-17T01:33:20 IST" name="PIMAction" data-provider="hrmgetTestdata" finished-at="2025-04-17T01:33:21 IST" duration-ms="494" status="PASS">
          <params>
            <param index="0">
              <value>
                <![CDATA[tom]]>
              </value>
            </param>
            <param index="1">
              <value>
                <![CDATA[peter]]>
              </value>
            </param>
            <param index="2">
              <value>
                <![CDATA[piston]]>
              </value>
            </param>
          </params>
          <reporter-output>
          </reporter-output>
        </test-method> <!-- PIMAction -->
        <test-method is-config="true" signature="tearDown()[pri:0, instance:HRM.qa.Tests.PIMPageTest@223d2c72]" started-at="2025-04-17T01:33:21 IST" name="tearDown" finished-at="2025-04-17T01:33:21 IST" duration-ms="261" status="PASS">
          <reporter-output>
          </reporter-output>
        </test-method> <!-- tearDown -->
        <test-method is-config="true" signature="setup()[pri:0, instance:HRM.qa.Tests.PIMPageTest@223d2c72]" started-at="2025-04-17T01:33:21 IST" name="setup" finished-at="2025-04-17T01:33:30 IST" duration-ms="8415" status="PASS">
          <reporter-output>
          </reporter-output>
        </test-method> <!-- setup -->
        <test-method signature="PIMAction(java.lang.String,java.lang.String,java.lang.String)[pri:1, instance:HRM.qa.Tests.PIMPageTest@223d2c72]" started-at="2025-04-17T01:33:30 IST" name="PIMAction" data-provider="hrmgetTestdata" finished-at="2025-04-17T01:33:30 IST" duration-ms="512" status="PASS">
          <params>
            <param index="0">
              <value>
                <![CDATA[david]]>
              </value>
            </param>
            <param index="1">
              <value>
                <![CDATA[cris]]>
              </value>
            </param>
            <param index="2">
              <value>
                <![CDATA[nandan]]>
              </value>
            </param>
          </params>
          <reporter-output>
          </reporter-output>
        </test-method> <!-- PIMAction -->
        <test-method is-config="true" signature="tearDown()[pri:0, instance:HRM.qa.Tests.PIMPageTest@223d2c72]" started-at="2025-04-17T01:33:30 IST" name="tearDown" finished-at="2025-04-17T01:33:30 IST" duration-ms="256" status="PASS">
          <reporter-output>
          </reporter-output>
        </test-method> <!-- tearDown -->
        <test-method is-config="true" signature="setup()[pri:0, instance:HRM.qa.Tests.PIMPageTest@223d2c72]" started-at="2025-04-17T01:33:30 IST" name="setup" finished-at="2025-04-17T01:33:40 IST" duration-ms="9262" status="PASS">
          <reporter-output>
          </reporter-output>
        </test-method> <!-- setup -->
        <test-method signature="PIMAction(java.lang.String,java.lang.String,java.lang.String)[pri:1, instance:HRM.qa.Tests.PIMPageTest@223d2c72]" started-at="2025-04-17T01:33:40 IST" name="PIMAction" data-provider="hrmgetTestdata" finished-at="2025-04-17T01:33:40 IST" duration-ms="567" status="PASS">
          <params>
            <param index="0">
              <value>
                <![CDATA[mukta]]>
              </value>
            </param>
            <param index="1">
              <value>
                <![CDATA[sharma]]>
              </value>
            </param>
            <param index="2">
              <value>
                <![CDATA[nandan]]>
              </value>
            </param>
          </params>
          <reporter-output>
          </reporter-output>
        </test-method> <!-- PIMAction -->
        <test-method is-config="true" signature="tearDown()[pri:0, instance:HRM.qa.Tests.PIMPageTest@223d2c72]" started-at="2025-04-17T01:33:40 IST" name="tearDown" finished-at="2025-04-17T01:33:40 IST" duration-ms="247" status="PASS">
          <reporter-output>
          </reporter-output>
        </test-method> <!-- tearDown -->
      </class> <!-- HRM.qa.Tests.PIMPageTest -->
    </test> <!-- Default test -->
  </suite> <!-- Default suite -->
</testng-results>
